<?xml versio.ibole.microservice.config.AppTest" time="0.09" tests="1" errors="0" skipped="0" failures="0">
  <properties>
    <property name="java.runtime.name" value="Java(TM) SE Runtime Environment"/>
    <property name="sun.boot.library.path" value="C:\JDK\Java\jdk1.8.0_92\jre\bin"/>
    <property name="java.vm.versio.ibole.microservice.config.AppTest" time="0.002"/>
</testsuite>