<?xml versio.ibole.microservice.config.AppTest" time="0.046" tests="1" errors="0" skipped="0" failures="0">
  <properties>
    <property name="java.runtime.name" value="Java(TM) SE Runtime Environment"/>
    <property name="sun.boot.library.path" value="E:\dev\java\java1.8\jre\bin"/>
    <property name="java.vm.versio.ibole.microservice.config.AppTest" time="0.001"/>
</testsuite>