<?xml versio.ibole.microservice.microservice.test.AppTest" time="0.002"/>
</testsuite>