<?xml versio.ibole.microservice.microservice.container.AppTest" time="0"/>
</testsuite>